<?xml version="1.0" encoding="UTF-8"?>
<!-- Generated by org.testng.reporters.JUnitReportReporter -->
<testsuite hostname="DESKTOP-G4VDTAR" failures="0" tests="1" name="testNG.GoogleTest" time="7.867" errors="0" timestamp="2020-07-07T13:03:31 EDT" skipped="0">
  <testcase classname="testNG.GoogleTest" name="googleTitleTest" time="7.867"/>
  <system-out/>
</testsuite> <!-- testNG.GoogleTest -->
