<?xml version="1.0" encoding="UTF-8"?>
<!-- Generated by org.testng.reporters.JUnitReportReporter -->
<testsuite hostname="DESKTOP-G4VDTAR" failures="0" tests="3" name="testNG.TestNGOnline" time="0.030" errors="0" timestamp="2020-07-07T12:24:59 EDT" skipped="0">
  <testcase classname="testNG.TestNGOnline" name="googleLogoTest" time="0.010"/>
  <system-out/>
  <testcase classname="testNG.TestNGOnline" name="searchTest" time="0.010"/>
  <system-out/>
  <testcase classname="testNG.TestNGOnline" name="googleTitleTest" time="0.010"/>
  <system-out/>
</testsuite> <!-- testNG.TestNGOnline -->
